<?xml version="1.0" encoding="UTF-8"?>
<testsuites name="Mocha Tests" time="0.005" tests="1" failures="0">
  <testsuite name="Root Suite" timestamp="2023-11-02T14:40:29" tests="0" time="0.000" failures="0">
  </testsuite>
  <testsuite name="registerUser" timestamp="2023-11-02T14:40:29" tests="1" file="F:\Cyrus\Documents\SIT\3203\ICT3x03_Team36\backend-sit-forum-app-v1\test\registerUser.test.js" time="0.004" failures="0">
    <testcase name="registerUser should throw an error for an invalid email" time="0.003" classname="should throw an error for an invalid email">
    </testcase>
  </testsuite>
</testsuites>